#
# There is insufficient memory for the Java Runtime Environment to continue.
# Native memory allocation (mmap) failed to map 14680064 bytes for Failed to commit area from 0x0000000084400000 to 0x0000000085200000 of length 14680064.
# Possible reasons:
#   The system is out of physical RAM or swap space
#   The process is running with CompressedOops enabled, and the Java Heap may be blocking the growth of the native heap
# Possible solutions:
#   Reduce memory load on the system
#   Increase physical memory or swap space
#   Check if swap backing store is full
#   Decrease Java heap size (-Xmx/-Xms)
#   Decrease number of Java threads
#   Decrease Java thread stack sizes (-Xss)
#   Set larger code cache with -XX:ReservedCodeCacheSize=
#   JVM is running with Unscaled Compressed Oops mode in which the Java heap is
#     placed in the first 4GB address space. The Java Heap base address is the
#     maximum limit for the native heap growth. Please use -XX:HeapBaseMinAddress
#     to set the Java Heap base and to place the Java Heap above 4GB virtual address.
# This output file may be truncated or incomplete.
#
#  Out of Memory Error (./src/hotspot/os/windows/os_windows.cpp:3619), pid=6636, tid=7020
#
# JRE version: OpenJDK Runtime Environment (11.0.13) (build 11.0.13+0-b1751.21-8125866)
# Java VM: OpenJDK 64-Bit Server VM (11.0.13+0-b1751.21-8125866, mixed mode, tiered, compressed oops, g1 gc, windows-amd64)
# No core dump will be written. Minidumps are not enabled by default on client versions of Windows
#

---------------  S U M M A R Y ------------

Command Line: --add-opens=java.base/java.util=ALL-UNNAMED --add-opens=java.base/java.lang=ALL-UNNAMED --add-opens=java.base/java.lang.invoke=ALL-UNNAMED --add-opens=java.base/java.util=ALL-UNNAMED --add-opens=java.prefs/java.util.prefs=ALL-UNNAMED --add-opens=java.prefs/java.util.prefs=ALL-UNNAMED --add-opens=java.base/java.nio.charset=ALL-UNNAMED --add-opens=java.base/java.net=ALL-UNNAMED --add-opens=java.base/java.util.concurrent.atomic=ALL-UNNAMED -Xmx2048m -Dfile.encoding=UTF-8 -Duser.country=UA -Duser.language=uk -Duser.variant org.gradle.launcher.daemon.bootstrap.GradleDaemon 7.4

Host: AMD A6-7310 APU with AMD Radeon R4 Graphics    , 4 cores, 3G,  Windows 10 , 64 bit Build 17763 (10.0.17763.1339)
Time: Mon Nov 21 14:19:13 2022 O?ieyia?y (ceia) elapsed time: 14.289186 seconds (0d 0h 0m 14s)

---------------  T H R E A D  ---------------

Current thread (0x000002866861c800):  VMThread "VM Thread" [stack: 0x000000c885a00000,0x000000c885b00000] [id=7020]

Stack: [0x000000c885a00000,0x000000c885b00000]
[error occurred during error reporting (printing stack bounds), id 0xc0000005, EXCEPTION_ACCESS_VIOLATION (0xc0000005) at pc=0x000002865254112d]

Native frames: (J=compiled Java code, j=interpreted, Vv=VM code, C=native code)
V  [jvm.dll+0x6100fa]
V  [jvm.dll+0x747090]
V  [jvm.dll+0x7486ad]
V  [jvm.dll+0x748ce5]
V  [jvm.dll+0x748c9b]
V  [jvm.dll+0x60f224]
V  [jvm.dll+0x60f9b8]
C  [ntdll.dll+0xa479f]
C  [ntdll.dll+0x4bef]
C  [ntdll.dll+0xa350e]
C  0x000002865254112d

VM_Operation (0x000000c886cf7370): G1CollectForAllocation, mode: safepoint, requested by thread 0x000002866afcc000


---------------  P R O C E S S  ---------------

Threads class SMR info:
_java_thread_list=0x000002866b6a4330, length=34, elements={
0x000002864ea2e000, 0x0000028668620800, 0x0000028668622000, 0x000002866863c000,
0x000002866863f000, 0x0000028668643800, 0x0000028668646800, 0x0000028668655800,
0x0000028668657000, 0x0000028669117800, 0x000002866a738000, 0x000002866b26b800,
0x000002866b1a6000, 0x0000028669264000, 0x000002866a1fa000, 0x000002866afcb000,
0x000002866afcc000, 0x00000286692a4800, 0x00000286696b8800, 0x0000028669ff0800,
0x000002866933f800, 0x0000028669342000, 0x0000028669342800, 0x0000028669340800,
0x0000028669341000, 0x000002866933e800, 0x0000028669343800, 0x0000028669344800,
0x0000028669345000, 0x000002866b003800, 0x000002866b004800, 0x000002866b001000,
0x000002866afff800, 0x000002866affe800
}

Java Threads: ( => current thread )
  0x000002864ea2e000 JavaThread "main" [_thread_blocked, id=852, stack(0x000000c885400000,0x000000c885500000)]
  0x0000028668620800 JavaThread "Reference Handler" daemon [_thread_blocked, id=80, stack(0x000000c885b00000,0x000000c885c00000)]
  0x0000028668622000 JavaThread "Finalizer" daemon [_thread_blocked, id=4112, stack(0x000000c885c00000,0x000000c885d00000)]
  0x000002866863c000 JavaThread "Signal Dispatcher" daemon [_thread_blocked, id=3788, stack(0x000000c885d00000,0x000000c885e00000)]
  0x000002866863f000 JavaThread "Attach Listener" daemon [_thread_blocked, id=6848, stack(0x000000c885e00000,0x000000c885f00000)]
  0x0000028668643800 JavaThread "Service Thread" daemon [_thread_blocked, id=7764, stack(0x000000c885f00000,0x000000c886000000)]
  0x0000028668646800 JavaThread "C2 CompilerThread0" daemon [_thread_blocked, id=7324, stack(0x000000c886000000,0x000000c886100000)]
  0x0000028668655800 JavaThread "C1 CompilerThread0" daemon [_thread_blocked, id=4068, stack(0x000000c886100000,0x000000c886200000)]
  0x0000028668657000 JavaThread "Sweeper thread" daemon [_thread_blocked, id=6320, stack(0x000000c886200000,0x000000c886300000)]
  0x0000028669117800 JavaThread "Common-Cleaner" daemon [_thread_blocked, id=5780, stack(0x000000c886300000,0x000000c886400000)]
  0x000002866a738000 JavaThread "Daemon health stats" [_thread_blocked, id=7756, stack(0x000000c886600000,0x000000c886700000)]
  0x000002866b26b800 JavaThread "Incoming local TCP Connector on port 50851" [_thread_in_native, id=4484, stack(0x000000c886700000,0x000000c886800000)]
  0x000002866b1a6000 JavaThread "Daemon periodic checks" [_thread_blocked, id=3908, stack(0x000000c886800000,0x000000c886900000)]
  0x0000028669264000 JavaThread "Daemon" [_thread_blocked, id=1216, stack(0x000000c886900000,0x000000c886a00000)]
  0x000002866a1fa000 JavaThread "Handler for socket connection from /127.0.0.1:50851 to /127.0.0.1:50852" [_thread_in_native, id=5544, stack(0x000000c886a00000,0x000000c886b00000)]
  0x000002866afcb000 JavaThread "Cancel handler" [_thread_blocked, id=1316, stack(0x000000c886b00000,0x000000c886c00000)]
  0x000002866afcc000 JavaThread "Daemon worker" [_thread_blocked, id=3992, stack(0x000000c886c00000,0x000000c886d00000)]
  0x00000286692a4800 JavaThread "Asynchronous log dispatcher for DefaultDaemonConnection: socket connection from /127.0.0.1:50851 to /127.0.0.1:50852" [_thread_blocked, id=5108, stack(0x000000c886d00000,0x000000c886e00000)]
  0x00000286696b8800 JavaThread "Stdin handler" [_thread_blocked, id=7940, stack(0x000000c886e00000,0x000000c886f00000)]
  0x0000028669ff0800 JavaThread "Daemon client event forwarder" [_thread_blocked, id=5224, stack(0x000000c886f00000,0x000000c887000000)]
  0x000002866933f800 JavaThread "Cache worker for journal cache (C:\Users\Goodman\.gradle\caches\journal-1)" [_thread_blocked, id=1816, stack(0x000000c887200000,0x000000c887300000)]
  0x0000028669342000 JavaThread "File lock request listener" [_thread_in_native, id=756, stack(0x000000c887300000,0x000000c887400000)]
  0x0000028669342800 JavaThread "Cache worker for file hash cache (C:\Users\Goodman\.gradle\caches\7.4\fileHashes)" [_thread_blocked, id=7908, stack(0x000000c887400000,0x000000c887500000)]
  0x0000028669340800 JavaThread "File watcher server" daemon [_thread_in_native, id=2932, stack(0x000000c887500000,0x000000c887600000)]
  0x0000028669341000 JavaThread "File watcher consumer" daemon [_thread_blocked, id=1984, stack(0x000000c887600000,0x000000c887700000)]
  0x000002866933e800 JavaThread "Cache worker for checksums cache (D:\App\.gradle\7.4\checksums)" [_thread_blocked, id=592, stack(0x000000c887700000,0x000000c887800000)]
  0x0000028669343800 JavaThread "Cache worker for cache directory md-rule (C:\Users\Goodman\.gradle\caches\7.4\md-rule)" [_thread_blocked, id=8088, stack(0x000000c887800000,0x000000c887900000)]
  0x0000028669344800 JavaThread "Cache worker for file hash cache (D:\App\.gradle\7.4\fileHashes)" [_thread_blocked, id=7660, stack(0x000000c887900000,0x000000c887a00000)]
  0x0000028669345000 JavaThread "Cache worker for cache directory md-supplier (C:\Users\Goodman\.gradle\caches\7.4\md-supplier)" [_thread_blocked, id=7580, stack(0x000000c887a00000,0x000000c887b00000)]
  0x000002866b003800 JavaThread "Cache worker for execution history cache (C:\Users\Goodman\.gradle\caches\7.4\executionHistory)" [_thread_blocked, id=6248, stack(0x000000c887b00000,0x000000c887c00000)]
  0x000002866b004800 JavaThread "jar transforms" [_thread_blocked, id=3240, stack(0x000000c887c00000,0x000000c887d00000)]
  0x000002866b001000 JavaThread "Cache worker for file content cache (C:\Users\Goodman\.gradle\caches\7.4\fileContent)" [_thread_blocked, id=1812, stack(0x000000c887d00000,0x000000c887e00000)]
  0x000002866afff800 JavaThread "jar transforms Thread 2" [_thread_blocked, id=6228, stack(0x000000c887e00000,0x000000c887f00000)]
  0x000002866affe800 JavaThread "Cache worker for dependencies-accessors (D:\App\.gradle\7.4\dependencies-accessors)" [_thread_blocked, id=7552, stack(0x000000c887f00000,0x000000c888000000)]

Other Threads:
=>0x000002866861c800 VMThread "VM Thread" [stack: 0x000000c885a00000,0x000000c885b00000] [id=7020]
  0x0000028669120800 WatcherThread [stack: 0x000000c886400000,0x000000c886500000] [id=6624]
  0x000002864ea47800 GCTaskThread "GC Thread#0" [stack: 0x000000c885500000,0x000000c885600000] [id=2160]
  0x000002866967c800 GCTaskThread "GC Thread#1" [stack: 0x000000c886500000,0x000000c886600000] [id=6296]
  0x00000286695a6800 GCTaskThread "GC Thread#2" [stack: 0x000000c887000000,0x000000c887100000] [id=1632]
  0x00000286695f3800 GCTaskThread "GC Thread#3" [stack: 0x000000c887100000,0x000000c887200000] [id=4044]
  0x000002864ea78000 ConcurrentGCThread "G1 Main Marker" [stack: 0x000000c885600000,0x000000c885700000] [id=7736]
  0x000002864ea7b000 ConcurrentGCThread "G1 Conc#0" [stack: 0x000000c885700000,0x000000c885800000] [id=4008]
  0x000002864eafd000 ConcurrentGCThread "G1 Refine#0" [stack: 0x000000c885800000,0x000000c885900000] [id=7068]
  0x000002864eafe000 ConcurrentGCThread "G1 Young RemSet Sampling" [stack: 0x000000c885900000,0x000000c885a00000] [id=2372]

Threads with active compile tasks:
C2 CompilerThread0  14315 3555       4       org.codehaus.groovy.reflection.CachedMethod::compareTo (25 bytes)

VM state:at safepoint (normal execution)

VM Mutex/Monitor currently owned by a thread:  ([mutex/lock_event])
[0x000002864ea2a1f0] Threads_lock - owner thread: 0x000002866861c800
[0x000002864ea2b6c0] Heap_lock - owner thread: 0x000002866afcc000

Heap address: 0x0000000080000000, size: 2048 MB, Compressed Oops mode: 32-bit
Narrow klass base: 0x0000000000000000, Narrow klass shift: 3
Compressed class space size: 1073741824 Address: 0x0000000100000000

Heap:
 garbage-first heap   total 83968K, used 29069K [0x0000000080000000, 0x0000000100000000)
  region size 1024K, 4 young (4096K), 4 survivors (4096K)
 Metaspace       used 40820K, capacity 41775K, committed 41936K, reserved 1085440K
  class space    used 5139K, capacity 5486K, committed 5504K, reserved 1048576K
Heap Regions: E=young(eden), S=young(survivor), O=old, HS=humongous(starts), HC=humongous(continues), CS=collection set, F=free, A=archive, TAMS=top-at-mark-start (previous, next)
|   0|0x0000000080000000, 0x0000000080100000, 0x0000000080100000|100%|HS|  |TAMS 0x0000000080100000, 0x0000000080000000| Complete 
|   1|0x0000000080100000, 0x0000000080200000, 0x0000000080200000|100%|HC|  |TAMS 0x0000000080200000, 0x0000000080100000| Complete 
|   2|0x0000000080200000, 0x0000000080300000, 0x0000000080300000|100%|HC|  |TAMS 0x0000000080300000, 0x0000000080200000| Complete 
|   3|0x0000000080300000, 0x0000000080400000, 0x0000000080400000|100%| O|  |TAMS 0x0000000080400000, 0x0000000080300000| Untracked 
|   4|0x0000000080400000, 0x0000000080500000, 0x0000000080500000|100%| O|  |TAMS 0x0000000080500000, 0x0000000080400000| Untracked 
|   5|0x0000000080500000, 0x0000000080600000, 0x0000000080600000|100%| O|  |TAMS 0x0000000080600000, 0x0000000080500000| Untracked 
|   6|0x0000000080600000, 0x0000000080700000, 0x0000000080700000|100%| O|  |TAMS 0x0000000080700000, 0x0000000080600000| Untracked 
|   7|0x0000000080700000, 0x0000000080800000, 0x0000000080800000|100%| O|  |TAMS 0x0000000080800000, 0x0000000080700000| Untracked 
|   8|0x0000000080800000, 0x0000000080900000, 0x0000000080900000|100%| O|  |TAMS 0x0000000080900000, 0x0000000080800000| Untracked 
|   9|0x0000000080900000, 0x0000000080a00000, 0x0000000080a00000|100%| O|  |TAMS 0x0000000080a00000, 0x0000000080900000| Untracked 
|  10|0x0000000080a00000, 0x0000000080b00000, 0x0000000080b00000|100%| O|  |TAMS 0x0000000080b00000, 0x0000000080a00000| Untracked 
|  11|0x0000000080b00000, 0x0000000080c00000, 0x0000000080c00000|100%| O|  |TAMS 0x0000000080c00000, 0x0000000080b00000| Untracked 
|  12|0x0000000080c00000, 0x0000000080d00000, 0x0000000080d00000|100%| O|  |TAMS 0x0000000080d00000, 0x0000000080c00000| Untracked 
|  13|0x0000000080d00000, 0x0000000080e00000, 0x0000000080e00000|100%| O|  |TAMS 0x0000000080e00000, 0x0000000080d00000| Untracked 
|  14|0x0000000080e00000, 0x0000000080f00000, 0x0000000080f00000|100%| O|  |TAMS 0x0000000080f00000, 0x0000000080e00000| Untracked 
|  15|0x0000000080f00000, 0x0000000081000000, 0x0000000081000000|100%| O|  |TAMS 0x0000000081000000, 0x0000000080f00000| Untracked 
|  16|0x0000000081000000, 0x0000000081100000, 0x0000000081100000|100%| O|  |TAMS 0x0000000081100000, 0x0000000081000000| Untracked 
|  17|0x0000000081100000, 0x0000000081200000, 0x0000000081200000|100%| O|  |TAMS 0x0000000081200000, 0x0000000081100000| Untracked 
|  18|0x0000000081200000, 0x0000000081300000, 0x0000000081300000|100%| O|  |TAMS 0x00000000812f1600, 0x0000000081200000| Untracked 
|  19|0x0000000081300000, 0x0000000081400000, 0x0000000081400000|100%| O|  |TAMS 0x0000000081300000, 0x0000000081300000| Untracked 
|  20|0x0000000081400000, 0x0000000081500000, 0x0000000081500000|100%| O|  |TAMS 0x0000000081400000, 0x0000000081400000| Untracked 
|  21|0x0000000081500000, 0x0000000081600000, 0x0000000081600000|100%| O|  |TAMS 0x0000000081500000, 0x0000000081500000| Untracked 
|  22|0x0000000081600000, 0x0000000081600000, 0x0000000081700000|  0%| F|  |TAMS 0x0000000081600000, 0x0000000081600000| Untracked 
|  23|0x0000000081700000, 0x0000000081700000, 0x0000000081800000|  0%| F|  |TAMS 0x0000000081700000, 0x0000000081700000| Untracked 
|  24|0x0000000081800000, 0x0000000081800000, 0x0000000081900000|  0%| F|  |TAMS 0x0000000081800000, 0x0000000081800000| Untracked 
|  25|0x0000000081900000, 0x0000000081a00000, 0x0000000081a00000|100%| O|  |TAMS 0x0000000081900000, 0x0000000081900000| Untracked 
|  26|0x0000000081a00000, 0x0000000081b00000, 0x0000000081b00000|100%| O|  |TAMS 0x0000000081a00000, 0x0000000081a00000| Untracked 
|  27|0x0000000081b00000, 0x0000000081be0200, 0x0000000081c00000| 87%| O|  |TAMS 0x0000000081b00000, 0x0000000081b00000| Untracked 
|  28|0x0000000081c00000, 0x0000000081c00000, 0x0000000081d00000|  0%| F|  |TAMS 0x0000000081c00000, 0x0000000081c00000| Untracked 
|  29|0x0000000081d00000, 0x0000000081d00000, 0x0000000081e00000|  0%| F|  |TAMS 0x0000000081d00000, 0x0000000081d00000| Untracked 
|  30|0x0000000081e00000, 0x0000000081e00000, 0x0000000081f00000|  0%| F|  |TAMS 0x0000000081e00000, 0x0000000081e00000| Untracked 
|  31|0x0000000081f00000, 0x0000000081f00000, 0x0000000082000000|  0%| F|  |TAMS 0x0000000081f00000, 0x0000000081f00000| Untracked 
|  32|0x0000000082000000, 0x0000000082000000, 0x0000000082100000|  0%| F|  |TAMS 0x0000000082000000, 0x0000000082000000| Untracked 
|  33|0x0000000082100000, 0x0000000082100000, 0x0000000082200000|  0%| F|  |TAMS 0x0000000082100000, 0x0000000082100000| Untracked 
|  34|0x0000000082200000, 0x0000000082200000, 0x0000000082300000|  0%| F|  |TAMS 0x0000000082200000, 0x0000000082200000| Untracked 
|  35|0x0000000082300000, 0x0000000082300000, 0x0000000082400000|  0%| F|  |TAMS 0x0000000082300000, 0x0000000082300000| Untracked 
|  36|0x0000000082400000, 0x0000000082400000, 0x0000000082500000|  0%| F|  |TAMS 0x0000000082400000, 0x0000000082400000| Untracked 
|  37|0x0000000082500000, 0x0000000082500000, 0x0000000082600000|  0%| F|  |TAMS 0x0000000082500000, 0x0000000082500000| Untracked 
|  38|0x0000000082600000, 0x0000000082600000, 0x0000000082700000|  0%| F|  |TAMS 0x0000000082600000, 0x0000000082600000| Untracked 
|  39|0x0000000082700000, 0x0000000082783350, 0x0000000082800000| 51%| S|CS|TAMS 0x0000000082700000, 0x0000000082700000| Complete 
|  40|0x0000000082800000, 0x0000000082900000, 0x0000000082900000|100%| S|CS|TAMS 0x0000000082800000, 0x0000000082800000| Complete 
|  41|0x0000000082900000, 0x0000000082a00000, 0x0000000082a00000|100%| S|CS|TAMS 0x0000000082900000, 0x0000000082900000| Complete 
|  42|0x0000000082a00000, 0x0000000082a00000, 0x0000000082b00000|  0%| F|  |TAMS 0x0000000082a00000, 0x0000000082a00000| Untracked 
|  43|0x0000000082b00000, 0x0000000082b00000, 0x0000000082c00000|  0%| F|  |TAMS 0x0000000082b00000, 0x0000000082b00000| Untracked 
|  44|0x0000000082c00000, 0x0000000082c00000, 0x0000000082d00000|  0%| F|  |TAMS 0x0000000082c00000, 0x0000000082c00000| Untracked 
|  45|0x0000000082d00000, 0x0000000082e00000, 0x0000000082e00000|100%| S|CS|TAMS 0x0000000082d00000, 0x0000000082d00000| Complete 
|  46|0x0000000082e00000, 0x0000000082e00000, 0x0000000082f00000|  0%| F|  |TAMS 0x0000000082e00000, 0x0000000082e00000| Untracked 
|  47|0x0000000082f00000, 0x0000000082f00000, 0x0000000083000000|  0%| F|  |TAMS 0x0000000082f00000, 0x0000000082f00000| Untracked 
|  48|0x0000000083000000, 0x0000000083000000, 0x0000000083100000|  0%| F|  |TAMS 0x0000000083000000, 0x0000000083000000| Untracked 
|  49|0x0000000083100000, 0x0000000083100000, 0x0000000083200000|  0%| F|  |TAMS 0x0000000083100000, 0x0000000083100000| Untracked 
|  50|0x0000000083200000, 0x0000000083200000, 0x0000000083300000|  0%| F|  |TAMS 0x0000000083200000, 0x0000000083200000| Untracked 
|  51|0x0000000083300000, 0x0000000083300000, 0x0000000083400000|  0%| F|  |TAMS 0x0000000083300000, 0x0000000083300000| Untracked 
|  52|0x0000000083400000, 0x0000000083400000, 0x0000000083500000|  0%| F|  |TAMS 0x0000000083400000, 0x0000000083400000| Untracked 
|  53|0x0000000083500000, 0x0000000083500000, 0x0000000083600000|  0%| F|  |TAMS 0x0000000083500000, 0x0000000083500000| Untracked 
|  54|0x0000000083600000, 0x0000000083600000, 0x0000000083700000|  0%| F|  |TAMS 0x0000000083600000, 0x0000000083600000| Untracked 
|  55|0x0000000083700000, 0x0000000083700000, 0x0000000083800000|  0%| F|  |TAMS 0x0000000083700000, 0x0000000083700000| Untracked 
|  56|0x0000000083800000, 0x0000000083800000, 0x0000000083900000|  0%| F|  |TAMS 0x0000000083800000, 0x0000000083800000| Untracked 
|  57|0x0000000083900000, 0x0000000083900000, 0x0000000083a00000|  0%| F|  |TAMS 0x0000000083900000, 0x0000000083900000| Untracked 
|  58|0x0000000083a00000, 0x0000000083a00000, 0x0000000083b00000|  0%| F|  |TAMS 0x0000000083a00000, 0x0000000083a00000| Untracked 
|  59|0x0000000083b00000, 0x0000000083b00000, 0x0000000083c00000|  0%| F|  |TAMS 0x0000000083b00000, 0x0000000083b00000| Untracked 
|  60|0x0000000083c00000, 0x0000000083c00000, 0x0000000083d00000|  0%| F|  |TAMS 0x0000000083c00000, 0x0000000083c00000| Untracked 
|  61|0x0000000083d00000, 0x0000000083d00000, 0x0000000083e00000|  0%| F|  |TAMS 0x0000000083d00000, 0x0000000083d00000| Untracked 
|  62|0x0000000083e00000, 0x0000000083e00000, 0x0000000083f00000|  0%| F|  |TAMS 0x0000000083e00000, 0x0000000083e00000| Untracked 
|  63|0x0000000083f00000, 0x0000000083f00000, 0x0000000084000000|  0%| F|  |TAMS 0x0000000083f00000, 0x0000000083f00000| Untracked 
|  64|0x0000000084000000, 0x0000000084000000, 0x0000000084100000|  0%| F|  |TAMS 0x0000000084000000, 0x0000000084000000| Untracked 
|  65|0x0000000084100000, 0x0000000084100000, 0x0000000084200000|  0%| F|  |TAMS 0x0000000084100000, 0x0000000084100000| Untracked 
|  66|0x0000000084200000, 0x0000000084200000, 0x0000000084300000|  0%| F|  |TAMS 0x0000000084200000, 0x0000000084200000| Untracked 
|  67|0x0000000084300000, 0x0000000084300000, 0x0000000084400000|  0%| F|  |TAMS 0x0000000084300000, 0x0000000084300000| Untracked 

Card table byte_map: [0x0000028661940000,0x0000028661d40000] _byte_map_base: 0x0000028661540000

Marking Bits (Prev, Next): (CMBitMap*) 0x000002864ea6f0f8, (CMBitMap*) 0x000002864ea6f130
 Prev Bits: [0x0000028662140000, 0x0000028664140000)
 Next Bits: [0x0000028664140000, 0x0000028666140000)

Polling page: 0x000002864e200000

Metaspace:

Usage:
  Non-class:     35.44 MB capacity,    34.84 MB ( 98%) used,   512.38 KB (  1%) free+waste,    95.88 KB ( <1%) overhead. 
      Class:      5.36 MB capacity,     5.02 MB ( 94%) used,   300.98 KB (  5%) free+waste,    45.75 KB ( <1%) overhead. 
       Both:     40.80 MB capacity,    39.86 MB ( 98%) used,   813.36 KB (  2%) free+waste,   141.63 KB ( <1%) overhead. 

Virtual space:
  Non-class space:       36.00 MB reserved,      35.58 MB ( 99%) committed 
      Class space:        1.00 GB reserved,       5.38 MB ( <1%) committed 
             Both:        1.04 GB reserved,      40.95 MB (  4%) committed 

Chunk freelists:
   Non-Class:  15.00 KB
       Class:  18.00 KB
        Both:  33.00 KB

MaxMetaspaceSize: 17179869184.00 GB
CompressedClassSpaceSize: 1.00 GB
Initial GC threshold: 20.80 MB
Current GC threshold: 58.88 MB
CDS: off

CodeHeap 'non-profiled nmethods': size=120064Kb used=1511Kb max_used=1511Kb free=118552Kb
 bounds [0x000002865a000000, 0x000002865a270000, 0x0000028661540000]
CodeHeap 'profiled nmethods': size=120000Kb used=7565Kb max_used=7565Kb free=112434Kb
 bounds [0x0000028652ad0000, 0x0000028653240000, 0x000002865a000000]
CodeHeap 'non-nmethods': size=5696Kb used=2273Kb max_used=2310Kb free=3422Kb
 bounds [0x0000028652540000, 0x00000286527b0000, 0x0000028652ad0000]
 total_blobs=4345 nmethods=3580 adapters=678
 compilation: enabled
              stopped_count=0, restarted_count=0
 full_count=0

Compilation events (20 events):
Event: 14.245 Thread 0x0000028668655800 3625       3       org.gradle.internal.instantiation.generator.AbstractClassGenerator$PropertyMetadata::<init> (65 bytes)
Event: 14.246 Thread 0x0000028668655800 nmethod 3625 0x000002865322c990 code [0x000002865322cc40, 0x000002865322daf8]
Event: 14.246 Thread 0x0000028668655800 3634       3       java.util.regex.Pattern::compile (10 bytes)
Event: 14.247 Thread 0x0000028668655800 nmethod 3634 0x000002865322de90 code [0x000002865322e040, 0x000002865322e1c8]
Event: 14.247 Thread 0x0000028668655800 3628   !   3       java.lang.reflect.Proxy::newProxyInstance (75 bytes)
Event: 14.248 Thread 0x0000028668655800 nmethod 3628 0x000002865322e290 code [0x000002865322e540, 0x000002865322f2b8]
Event: 14.248 Thread 0x0000028668655800 3629       3       java.lang.reflect.Proxy::getProxyConstructor (92 bytes)
Event: 14.251 Thread 0x0000028668655800 nmethod 3629 0x000002865322f990 code [0x000002865322fca0, 0x0000028653231248]
Event: 14.251 Thread 0x0000028668655800 3626       3       java.lang.System$2::getConstantPool (5 bytes)
Event: 14.251 Thread 0x0000028668655800 nmethod 3626 0x0000028653231810 code [0x00000286532319c0, 0x0000028653231ae8]
Event: 14.251 Thread 0x0000028668655800 3635       3       org.objectweb.asm.Frame::setLocal (65 bytes)
Event: 14.252 Thread 0x0000028668655800 nmethod 3635 0x0000028653231b90 code [0x0000028653231d80, 0x00000286532322a8]
Event: 14.252 Thread 0x0000028668655800 3632       3       java.lang.Integer::highestOneBit (10 bytes)
Event: 14.252 Thread 0x0000028668655800 nmethod 3632 0x0000028653232490 code [0x0000028653232640, 0x0000028653232768]
Event: 14.252 Thread 0x0000028668655800 3631       3       org.gradle.internal.instantiation.generator.AbstractClassGenerator$MethodMetadata::isAbstract (11 bytes)
Event: 14.252 Thread 0x0000028668655800 nmethod 3631 0x0000028653232810 code [0x00000286532329c0, 0x0000028653232b98]
Event: 14.252 Thread 0x0000028668655800 3633       1       com.google.common.collect.LinkedHashMultimap$ValueEntry::setSuccessorInValueSet (6 bytes)
Event: 14.253 Thread 0x0000028668655800 nmethod 3633 0x000002865a179a90 code [0x000002865a179c40, 0x000002865a179d38]
Event: 14.262 Thread 0x0000028668655800 3636       3       org.gradle.internal.service.DefaultServiceRegistry$InstanceUnpackingVisitor::visit (39 bytes)
Event: 14.263 Thread 0x0000028668655800 nmethod 3636 0x0000028653232c90 code [0x0000028653232ea0, 0x0000028653233448]

GC Heap History (20 events):
Event: 4.196 GC heap after
{Heap after GC invocations=4 (full 0):
 garbage-first heap   total 57344K, used 14859K [0x0000000080000000, 0x0000000100000000)
  region size 1024K, 4 young (4096K), 4 survivors (4096K)
 Metaspace       used 12340K, capacity 12638K, committed 12800K, reserved 1060864K
  class space    used 1332K, capacity 1446K, committed 1536K, reserved 1048576K
}
Event: 7.141 GC heap before
{Heap before GC invocations=4 (full 0):
 garbage-first heap   total 57344K, used 39435K [0x0000000080000000, 0x0000000100000000)
  region size 1024K, 28 young (28672K), 4 survivors (4096K)
 Metaspace       used 18146K, capacity 18627K, committed 18688K, reserved 1064960K
  class space    used 2130K, capacity 2276K, committed 2304K, reserved 1048576K
}
Event: 7.151 GC heap after
{Heap after GC invocations=5 (full 0):
 garbage-first heap   total 57344K, used 16904K [0x0000000080000000, 0x0000000100000000)
  region size 1024K, 2 young (2048K), 2 survivors (2048K)
 Metaspace       used 18146K, capacity 18627K, committed 18688K, reserved 1064960K
  class space    used 2130K, capacity 2276K, committed 2304K, reserved 1048576K
}
Event: 7.796 GC heap before
{Heap before GC invocations=5 (full 0):
 garbage-first heap   total 57344K, used 38408K [0x0000000080000000, 0x0000000100000000)
  region size 1024K, 24 young (24576K), 2 survivors (2048K)
 Metaspace       used 20765K, capacity 21149K, committed 21296K, reserved 1069056K
  class space    used 2515K, capacity 2648K, committed 2688K, reserved 1048576K
}
Event: 7.805 GC heap after
{Heap after GC invocations=6 (full 0):
 garbage-first heap   total 57344K, used 17561K [0x0000000080000000, 0x0000000100000000)
  region size 1024K, 3 young (3072K), 3 survivors (3072K)
 Metaspace       used 20765K, capacity 21149K, committed 21296K, reserved 1069056K
  class space    used 2515K, capacity 2648K, committed 2688K, reserved 1048576K
}
Event: 8.542 GC heap before
{Heap before GC invocations=7 (full 0):
 garbage-first heap   total 57344K, used 40089K [0x0000000080000000, 0x0000000100000000)
  region size 1024K, 26 young (26624K), 3 survivors (3072K)
 Metaspace       used 22819K, capacity 23390K, committed 23600K, reserved 1069056K
  class space    used 2888K, capacity 3103K, committed 3200K, reserved 1048576K
}
Event: 8.554 GC heap after
{Heap after GC invocations=8 (full 0):
 garbage-first heap   total 57344K, used 18279K [0x0000000080000000, 0x0000000100000000)
  region size 1024K, 2 young (2048K), 2 survivors (2048K)
 Metaspace       used 22819K, capacity 23390K, committed 23600K, reserved 1069056K
  class space    used 2888K, capacity 3103K, committed 3200K, reserved 1048576K
}
Event: 9.380 GC heap before
{Heap before GC invocations=8 (full 0):
 garbage-first heap   total 57344K, used 41831K [0x0000000080000000, 0x0000000100000000)
  region size 1024K, 25 young (25600K), 2 survivors (2048K)
 Metaspace       used 25642K, capacity 26296K, committed 26544K, reserved 1073152K
  class space    used 3305K, capacity 3518K, committed 3584K, reserved 1048576K
}
Event: 9.390 GC heap after
{Heap after GC invocations=9 (full 0):
 garbage-first heap   total 69632K, used 19412K [0x0000000080000000, 0x0000000100000000)
  region size 1024K, 3 young (3072K), 3 survivors (3072K)
 Metaspace       used 25642K, capacity 26296K, committed 26544K, reserved 1073152K
  class space    used 3305K, capacity 3518K, committed 3584K, reserved 1048576K
}
Event: 10.298 GC heap before
{Heap before GC invocations=9 (full 0):
 garbage-first heap   total 69632K, used 47060K [0x0000000080000000, 0x0000000100000000)
  region size 1024K, 31 young (31744K), 3 survivors (3072K)
 Metaspace       used 28388K, capacity 29122K, committed 29360K, reserved 1075200K
  class space    used 3708K, capacity 3977K, committed 4096K, reserved 1048576K
}
Event: 10.311 GC heap after
{Heap after GC invocations=10 (full 0):
 garbage-first heap   total 69632K, used 20273K [0x0000000080000000, 0x0000000100000000)
  region size 1024K, 3 young (3072K), 3 survivors (3072K)
 Metaspace       used 28388K, capacity 29122K, committed 29360K, reserved 1075200K
  class space    used 3708K, capacity 3977K, committed 4096K, reserved 1048576K
}
Event: 11.209 GC heap before
{Heap before GC invocations=10 (full 0):
 garbage-first heap   total 69632K, used 48945K [0x0000000080000000, 0x0000000100000000)
  region size 1024K, 31 young (31744K), 3 survivors (3072K)
 Metaspace       used 31356K, capacity 32099K, committed 32304K, reserved 1077248K
  class space    used 4148K, capacity 4416K, committed 4480K, reserved 1048576K
}
Event: 11.217 GC heap after
{Heap after GC invocations=11 (full 0):
 garbage-first heap   total 69632K, used 21108K [0x0000000080000000, 0x0000000100000000)
  region size 1024K, 3 young (3072K), 3 survivors (3072K)
 Metaspace       used 31356K, capacity 32099K, committed 32304K, reserved 1077248K
  class space    used 4148K, capacity 4416K, committed 4480K, reserved 1048576K
}
Event: 11.943 GC heap before
{Heap before GC invocations=11 (full 0):
 garbage-first heap   total 69632K, used 31348K [0x0000000080000000, 0x0000000100000000)
  region size 1024K, 14 young (14336K), 3 survivors (3072K)
 Metaspace       used 35029K, capacity 35750K, committed 35920K, reserved 1081344K
  class space    used 4492K, capacity 4784K, committed 4864K, reserved 1048576K
}
Event: 11.960 GC heap after
{Heap after GC invocations=12 (full 0):
 garbage-first heap   total 69632K, used 23104K [0x0000000080000000, 0x0000000100000000)
  region size 1024K, 4 young (4096K), 4 survivors (4096K)
 Metaspace       used 35029K, capacity 35750K, committed 35920K, reserved 1081344K
  class space    used 4492K, capacity 4784K, committed 4864K, reserved 1048576K
}
Event: 12.718 GC heap before
{Heap before GC invocations=13 (full 0):
 garbage-first heap   total 69632K, used 46656K [0x0000000080000000, 0x0000000100000000)
  region size 1024K, 28 young (28672K), 4 survivors (4096K)
 Metaspace       used 37037K, capacity 37886K, committed 38224K, reserved 1083392K
  class space    used 4703K, capacity 5025K, committed 5120K, reserved 1048576K
}
Event: 12.732 GC heap after
{Heap after GC invocations=14 (full 0):
 garbage-first heap   total 69632K, used 26071K [0x0000000080000000, 0x0000000100000000)
  region size 1024K, 4 young (4096K), 4 survivors (4096K)
 Metaspace       used 37037K, capacity 37886K, committed 38224K, reserved 1083392K
  class space    used 4703K, capacity 5025K, committed 5120K, reserved 1048576K
}
Event: 13.675 GC heap before
{Heap before GC invocations=14 (full 0):
 garbage-first heap   total 69632K, used 51671K [0x0000000080000000, 0x0000000100000000)
  region size 1024K, 27 young (27648K), 4 survivors (4096K)
 Metaspace       used 39381K, capacity 40199K, committed 40528K, reserved 1085440K
  class space    used 4951K, capacity 5261K, committed 5376K, reserved 1048576K
}
Event: 13.686 GC heap after
{Heap after GC invocations=15 (full 0):
 garbage-first heap   total 69632K, used 27906K [0x0000000080000000, 0x0000000100000000)
  region size 1024K, 3 young (3072K), 3 survivors (3072K)
 Metaspace       used 39381K, capacity 40199K, committed 40528K, reserved 1085440K
  class space    used 4951K, capacity 5261K, committed 5376K, reserved 1048576K
}
Event: 14.273 GC heap before
{Heap before GC invocations=15 (full 0):
 garbage-first heap   total 69632K, used 50434K [0x0000000080000000, 0x0000000100000000)
  region size 1024K, 25 young (25600K), 3 survivors (3072K)
 Metaspace       used 40820K, capacity 41775K, committed 41936K, reserved 1085440K
  class space    used 5139K, capacity 5486K, committed 5504K, reserved 1048576K
}

Deoptimization events (20 events):
Event: 13.179 Thread 0x000002866afcc000 DEOPT PACKING pc=0x000002865a1502e0 sp=0x000000c886cf6b60
Event: 13.179 Thread 0x000002866afcc000 DEOPT UNPACKING pc=0x000002865258a1af sp=0x000000c886cf6a90 mode 2
Event: 13.297 Thread 0x000002866afcc000 Uncommon trap: trap_request=0xffffffde fr.pc=0x000002865a1502e0 relative=0x0000000000000460
Event: 13.297 Thread 0x000002866afcc000 Uncommon trap: reason=class_check action=maybe_recompile pc=0x000002865a1502e0 method=java.util.regex.Pattern$Start.match(Ljava/util/regex/Matcher;ILjava/lang/CharSequence;)Z @ 44 c2
Event: 13.297 Thread 0x000002866afcc000 DEOPT PACKING pc=0x000002865a1502e0 sp=0x000000c886cf72c0
Event: 13.297 Thread 0x000002866afcc000 DEOPT UNPACKING pc=0x000002865258a1af sp=0x000000c886cf71f0 mode 2
Event: 13.298 Thread 0x000002866afcc000 Uncommon trap: trap_request=0xffffffde fr.pc=0x000002865a1502e0 relative=0x0000000000000460
Event: 13.298 Thread 0x000002866afcc000 Uncommon trap: reason=class_check action=maybe_recompile pc=0x000002865a1502e0 method=java.util.regex.Pattern$Start.match(Ljava/util/regex/Matcher;ILjava/lang/CharSequence;)Z @ 44 c2
Event: 13.298 Thread 0x000002866afcc000 DEOPT PACKING pc=0x000002865a1502e0 sp=0x000000c886cf72c0
Event: 13.298 Thread 0x000002866afcc000 DEOPT UNPACKING pc=0x000002865258a1af sp=0x000000c886cf71f0 mode 2
Event: 13.300 Thread 0x000002866afcc000 Uncommon trap: trap_request=0xffffffde fr.pc=0x000002865a150e58 relative=0x00000000000002f8
Event: 13.300 Thread 0x000002866afcc000 Uncommon trap: reason=class_check action=maybe_recompile pc=0x000002865a150e58 method=java.util.regex.Pattern$Start.match(Ljava/util/regex/Matcher;ILjava/lang/CharSequence;)Z @ 44 c2
Event: 13.300 Thread 0x000002866afcc000 DEOPT PACKING pc=0x000002865a150e58 sp=0x000000c886cf7220
Event: 13.300 Thread 0x000002866afcc000 DEOPT UNPACKING pc=0x000002865258a1af sp=0x000000c886cf71e0 mode 2
Event: 13.853 Thread 0x000002866afcc000 DEOPT PACKING pc=0x000002865314ddaf sp=0x000000c886cf1cd0
Event: 13.853 Thread 0x000002866afcc000 DEOPT UNPACKING pc=0x000002865258a95e sp=0x000000c886cf1158 mode 0
Event: 14.152 Thread 0x000002866afcc000 Uncommon trap: trap_request=0xffffff4d fr.pc=0x000002865a16feb4 relative=0x0000000000000114
Event: 14.152 Thread 0x000002866afcc000 Uncommon trap: reason=unstable_if action=reinterpret pc=0x000002865a16feb4 method=java.util.Arrays.hashCode([Ljava/lang/Object;)I @ 34 c2
Event: 14.152 Thread 0x000002866afcc000 DEOPT PACKING pc=0x000002865a16feb4 sp=0x000000c886cf8ae0
Event: 14.152 Thread 0x000002866afcc000 DEOPT UNPACKING pc=0x000002865258a1af sp=0x000000c886cf8a58 mode 2

Classes redefined (0 events):
No events

Internal exceptions (20 events):
Event: 13.873 Thread 0x000002866afcc000 Exception <a 'java/lang/NoSuchMethodError'{0x0000000083ae9548}: 'void java.lang.invoke.DirectMethodHandle$Holder.invokeInterface(java.lang.Object, java.lang.Object)'> (0x0000000083ae9548) thrown at [./src/hotspot/share/interpreter/linkResolver.cpp, line 773]
Event: 13.952 Thread 0x000002866afcc000 Exception <a 'java/lang/ClassNotFoundException'{0x00000000838a6d88}: settings_7wnplzvmfcfe31q7uo8sv8gvqBeanInfo> (0x00000000838a6d88) thrown at [./src/hotspot/share/classfile/systemDictionary.cpp, line 231]
Event: 13.953 Thread 0x000002866afcc000 Exception <a 'java/lang/ClassNotFoundException'{0x00000000838b26d8}: settings_7wnplzvmfcfe31q7uo8sv8gvqCustomizer> (0x00000000838b26d8) thrown at [./src/hotspot/share/classfile/systemDictionary.cpp, line 231]
Event: 13.983 Thread 0x000002866afcc000 Exception <a 'java/lang/ClassNotFoundException'{0x00000000837e1798}: org/gradle/internal/management/DefaultDependencyResolutionManagement_DecoratedBeanInfo> (0x00000000837e1798) thrown at [./src/hotspot/share/classfile/systemDictionary.cpp, line 231]
Event: 13.985 Thread 0x000002866afcc000 Exception <a 'java/lang/ClassNotFoundException'{0x000000008361c048}: org/gradle/internal/management/DefaultDependencyResolutionManagementBeanInfo> (0x000000008361c048) thrown at [./src/hotspot/share/classfile/systemDictionary.cpp, line 231]
Event: 13.987 Thread 0x000002866afcc000 Exception <a 'java/lang/ClassNotFoundException'{0x0000000083656590}: org/gradle/internal/management/DefaultDependencyResolutionManagementCustomizer> (0x0000000083656590) thrown at [./src/hotspot/share/classfile/systemDictionary.cpp, line 231]
Event: 13.991 Thread 0x000002866afcc000 Exception <a 'java/lang/ClassNotFoundException'{0x00000000836a61d0}: org/gradle/internal/management/DefaultDependencyResolutionManagement_DecoratedCustomizer> (0x00000000836a61d0) thrown at [./src/hotspot/share/classfile/systemDictionary.cpp, line 231]
Event: 14.005 Thread 0x000002866afcc000 Exception <a 'java/lang/ClassNotFoundException'{0x0000000083534240}: org/gradle/api/initialization/resolve/RepositoriesModeBeanInfo> (0x0000000083534240) thrown at [./src/hotspot/share/classfile/systemDictionary.cpp, line 231]
Event: 14.005 Thread 0x000002866afcc000 Exception <a 'java/lang/ClassNotFoundException'{0x0000000083539108}: java/lang/EnumBeanInfo> (0x0000000083539108) thrown at [./src/hotspot/share/classfile/systemDictionary.cpp, line 231]
Event: 14.006 Thread 0x000002866afcc000 Exception <a 'java/lang/ClassNotFoundException'{0x000000008353dff0}: java/lang/EnumCustomizer> (0x000000008353dff0) thrown at [./src/hotspot/share/classfile/systemDictionary.cpp, line 231]
Event: 14.009 Thread 0x000002866afcc000 Exception <a 'java/lang/ClassNotFoundException'{0x000000008356ce10}: org/gradle/api/initialization/resolve/RepositoriesModeCustomizer> (0x000000008356ce10) thrown at [./src/hotspot/share/classfile/systemDictionary.cpp, line 231]
Event: 14.024 Thread 0x000002866afcc000 Exception <a 'java/lang/ClassNotFoundException'{0x00000000835f95a8}: org/gradle/api/internal/provider/DefaultPropertyBeanInfo> (0x00000000835f95a8) thrown at [./src/hotspot/share/classfile/systemDictionary.cpp, line 231]
Event: 14.026 Thread 0x000002866afcc000 Exception <a 'java/lang/ClassNotFoundException'{0x00000000834201c0}: org/gradle/api/internal/provider/AbstractPropertyBeanInfo> (0x00000000834201c0) thrown at [./src/hotspot/share/classfile/systemDictionary.cpp, line 231]
Event: 14.028 Thread 0x000002866afcc000 Exception <a 'java/lang/ClassNotFoundException'{0x00000000834495c8}: org/gradle/api/internal/provider/AbstractMinimalProviderBeanInfo> (0x00000000834495c8) thrown at [./src/hotspot/share/classfile/systemDictionary.cpp, line 231]
Event: 14.030 Thread 0x000002866afcc000 Exception <a 'java/lang/ClassNotFoundException'{0x0000000083472c48}: org/gradle/api/internal/provider/AbstractMinimalProviderCustomizer> (0x0000000083472c48) thrown at [./src/hotspot/share/classfile/systemDictionary.cpp, line 231]
Event: 14.038 Thread 0x000002866afcc000 Exception <a 'java/lang/ClassNotFoundException'{0x00000000834d41e8}: org/gradle/api/internal/provider/AbstractPropertyCustomizer> (0x00000000834d41e8) thrown at [./src/hotspot/share/classfile/systemDictionary.cpp, line 231]
Event: 14.042 Thread 0x000002866afcc000 Exception <a 'java/lang/ClassNotFoundException'{0x00000000833077c0}: org/gradle/api/internal/provider/DefaultPropertyCustomizer> (0x00000000833077c0) thrown at [./src/hotspot/share/classfile/systemDictionary.cpp, line 231]
Event: 14.143 Thread 0x000002866afcc000 Exception <a 'java/lang/ClassNotFoundException'{0x00000000832ff110}: org/gradle/initialization/DefaultProjectDescriptorBeanInfo> (0x00000000832ff110) thrown at [./src/hotspot/share/classfile/systemDictionary.cpp, line 231]
Event: 14.145 Thread 0x000002866afcc000 Exception <a 'java/lang/ClassNotFoundException'{0x0000000083125b20}: org/gradle/initialization/DefaultProjectDescriptorCustomizer> (0x0000000083125b20) thrown at [./src/hotspot/share/classfile/systemDictionary.cpp, line 231]
Event: 14.152 Thread 0x000002866afcc000 Implicit null exception at 0x000002865a16fdec to 0x000002865a16fe98

Events (20 events):
Event: 14.263 loading class org/gradle/workers/WorkerExecutor done
Event: 14.265 loading class org/gradle/workers/internal/WorkerDaemonFactory
Event: 14.265 loading class org/gradle/workers/internal/WorkerDaemonFactory done
Event: 14.266 loading class org/gradle/workers/internal/WorkerFactory
Event: 14.266 loading class org/gradle/workers/internal/WorkerFactory done
Event: 14.267 loading class org/gradle/workers/internal/IsolatedClassloaderWorkerFactory
Event: 14.267 loading class org/gradle/workers/internal/IsolatedClassloaderWorkerFactory done
Event: 14.268 loading class org/gradle/workers/internal/BuildOperationAwareWorker
Event: 14.268 loading class org/gradle/workers/internal/BuildOperationAwareWorker done
Event: 14.269 loading class org/gradle/api/publish/ivy/internal/publisher/IvyDuplicatePublicationTracker
Event: 14.269 loading class org/gradle/api/publish/ivy/internal/publisher/IvyDuplicatePublicationTracker done
Event: 14.269 loading class org/gradle/api/internal/tasks/compile/GroovyServices$ProjectServices
Event: 14.269 loading class org/gradle/api/internal/tasks/compile/GroovyServices$ProjectServices done
Event: 14.271 loading class org/gradle/api/internal/tasks/compile/GroovyCompilerFactory
Event: 14.271 loading class org/gradle/api/internal/tasks/compile/GroovyCompilerFactory done
Event: 14.271 loading class org/gradle/language/base/internal/compile/CompilerFactory
Event: 14.271 loading class org/gradle/language/base/internal/compile/CompilerFactory done
Event: 14.273 loading class org/gradle/language/java/internal/JavaToolChainServiceRegistry$ProjectScopeCompileServices
Event: 14.273 loading class org/gradle/language/java/internal/JavaToolChainServiceRegistry$ProjectScopeCompileServices done
Event: 14.273 Executing VM operation: G1CollectForAllocation


Dynamic libraries:
0x00007ff70a520000 - 0x00007ff70a52a000 	D:\AS\jre\bin\java.exe
0x00007ffa78270000 - 0x00007ffa7845d000 	C:\Windows\SYSTEM32\ntdll.dll
0x00007ffa77580000 - 0x00007ffa77633000 	C:\Windows\System32\KERNEL32.DLL
0x00007ffa74400000 - 0x00007ffa74695000 	C:\Windows\System32\KERNELBASE.dll
0x00007ffa746a0000 - 0x00007ffa7479a000 	C:\Windows\System32\ucrtbase.dll
0x00007ffa72450000 - 0x00007ffa72469000 	D:\AS\jre\bin\jli.dll
0x00007ffa757c0000 - 0x00007ffa75957000 	C:\Windows\System32\USER32.dll
0x00007ffa752e0000 - 0x00007ffa75300000 	C:\Windows\System32\win32u.dll
0x00007ffa77640000 - 0x00007ffa77669000 	C:\Windows\System32\GDI32.dll
0x00007ffa72470000 - 0x00007ffa72487000 	D:\AS\jre\bin\VCRUNTIME140.dll
0x00007ffa75320000 - 0x00007ffa754bb000 	C:\Windows\System32\gdi32full.dll
0x00007ffa74a60000 - 0x00007ffa74b00000 	C:\Windows\System32\msvcp_win.dll
0x00007ffa5a3c0000 - 0x00007ffa5a639000 	C:\Windows\WinSxS\amd64_microsoft.windows.common-controls_6595b64144ccf1df_6.0.17763.1339_none_de7015e4534c7114\COMCTL32.dll
0x00007ffa77e80000 - 0x00007ffa77f1e000 	C:\Windows\System32\msvcrt.dll
0x00007ffa778d0000 - 0x00007ffa77bfc000 	C:\Windows\System32\combase.dll
0x00007ffa780d0000 - 0x00007ffa781f2000 	C:\Windows\System32\RPCRT4.dll
0x00007ffa749e0000 - 0x00007ffa74a5e000 	C:\Windows\System32\bcryptPrimitives.dll
0x00007ffa77f30000 - 0x00007ffa77f5e000 	C:\Windows\System32\IMM32.DLL
0x00007ffa55440000 - 0x00007ffa554dd000 	D:\AS\jre\bin\msvcp140.dll
0x00007ffa53f10000 - 0x00007ffa54a12000 	D:\AS\jre\bin\server\jvm.dll
0x00007ffa77670000 - 0x00007ffa77713000 	C:\Windows\System32\ADVAPI32.dll
0x00007ffa77c00000 - 0x00007ffa77c9e000 	C:\Windows\System32\sechost.dll
0x00007ffa75e90000 - 0x00007ffa75e98000 	C:\Windows\System32\PSAPI.DLL
0x00007ffa722a0000 - 0x00007ffa722c4000 	C:\Windows\SYSTEM32\WINMM.dll
0x00007ffa6f540000 - 0x00007ffa6f54a000 	C:\Windows\SYSTEM32\VERSION.dll
0x00007ffa59b60000 - 0x00007ffa59b69000 	C:\Windows\SYSTEM32\WSOCK32.dll
0x00007ffa71e20000 - 0x00007ffa71e4d000 	C:\Windows\SYSTEM32\winmmbase.dll
0x00007ffa78200000 - 0x00007ffa7826d000 	C:\Windows\System32\WS2_32.dll
0x00007ffa74b00000 - 0x00007ffa74b4a000 	C:\Windows\System32\cfgmgr32.dll
0x00007ffa742a0000 - 0x00007ffa742b1000 	C:\Windows\System32\kernel.appcore.dll
0x00007ffa57e70000 - 0x00007ffa57e81000 	D:\AS\jre\bin\verify.dll
0x00007ffa6c320000 - 0x00007ffa6c50d000 	C:\Windows\SYSTEM32\DBGHELP.DLL
0x00007ffa6c640000 - 0x00007ffa6c66a000 	C:\Windows\SYSTEM32\dbgcore.DLL
0x00007ffa57e40000 - 0x00007ffa57e69000 	D:\AS\jre\bin\java.dll
0x00007ffa6a4d0000 - 0x00007ffa6a4db000 	D:\AS\jre\bin\jimage.dll
0x00007ffa57e20000 - 0x00007ffa57e38000 	D:\AS\jre\bin\zip.dll
0x00007ffa76050000 - 0x00007ffa77548000 	C:\Windows\System32\SHELL32.dll
0x00007ffa77dd0000 - 0x00007ffa77e79000 	C:\Windows\System32\shcore.dll
0x00007ffa74b80000 - 0x00007ffa752d4000 	C:\Windows\System32\windows.storage.dll
0x00007ffa74320000 - 0x00007ffa74344000 	C:\Windows\System32\profapi.dll
0x00007ffa742c0000 - 0x00007ffa7431d000 	C:\Windows\System32\powrprof.dll
0x00007ffa75520000 - 0x00007ffa75572000 	C:\Windows\System32\shlwapi.dll
0x00007ffa75300000 - 0x00007ffa75317000 	C:\Windows\System32\cryptsp.dll
0x00007ffa578d0000 - 0x00007ffa578ea000 	D:\AS\jre\bin\net.dll
0x00007ffa5ab80000 - 0x00007ffa5ac72000 	C:\Windows\SYSTEM32\WINHTTP.dll
0x00007ffa73a80000 - 0x00007ffa73ae7000 	C:\Windows\system32\mswsock.dll
0x00007ffa57750000 - 0x00007ffa57764000 	D:\AS\jre\bin\nio.dll
0x00007ffa58850000 - 0x00007ffa58877000 	C:\Users\Goodman\.gradle\native\e1d6ef7f7dcc3fd88c89a11ec53ec762bb8ba0a96d01ffa2cd45eb1d1d8dd5c5\windows-amd64\native-platform.dll
0x00007ffa4d3e0000 - 0x00007ffa4d524000 	C:\Users\Goodman\.gradle\native\0d407fdbe67a94daf76414ababcb853783967236a71b16ec16e742cd7a986fd3\windows-amd64\native-platform-file-events.dll
0x00007ffa59460000 - 0x00007ffa5946a000 	D:\AS\jre\bin\management.dll
0x00007ffa59320000 - 0x00007ffa5932d000 	D:\AS\jre\bin\management_ext.dll
0x00007ffa73600000 - 0x00007ffa73633000 	C:\Windows\system32\rsaenh.dll
0x00007ffa74b50000 - 0x00007ffa74b76000 	C:\Windows\System32\bcrypt.dll
0x00007ffa74170000 - 0x00007ffa74198000 	C:\Windows\SYSTEM32\USERENV.dll
0x00007ffa73c50000 - 0x00007ffa73c5c000 	C:\Windows\SYSTEM32\CRYPTBASE.dll
0x00007ffa737a0000 - 0x00007ffa737dd000 	C:\Windows\SYSTEM32\IPHLPAPI.DLL
0x00007ffa77f20000 - 0x00007ffa77f28000 	C:\Windows\System32\NSI.dll
0x00007ffa5a920000 - 0x00007ffa5a936000 	C:\Windows\SYSTEM32\dhcpcsvc6.DLL
0x00007ffa5a8e0000 - 0x00007ffa5a8fc000 	C:\Windows\SYSTEM32\dhcpcsvc.DLL
0x00007ffa737e0000 - 0x00007ffa738a7000 	C:\Windows\SYSTEM32\DNSAPI.dll

dbghelp: loaded successfully - version: 4.0.5 - missing functions: none
symbol engine: initialized successfully - sym options: 0x614 - pdb path: .;D:\AS\jre\bin;C:\Windows\SYSTEM32;C:\Windows\WinSxS\amd64_microsoft.windows.common-controls_6595b64144ccf1df_6.0.17763.1339_none_de7015e4534c7114;D:\AS\jre\bin\server;C:\Users\Goodman\.gradle\native\e1d6ef7f7dcc3fd88c89a11ec53ec762bb8ba0a96d01ffa2cd45eb1d1d8dd5c5\windows-amd64;C:\Users\Goodman\.gradle\native\0d407fdbe67a94daf76414ababcb853783967236a71b16ec16e742cd7a986fd3\windows-amd64

VM Arguments:
jvm_args: --add-opens=java.base/java.util=ALL-UNNAMED --add-opens=java.base/java.lang=ALL-UNNAMED --add-opens=java.base/java.lang.invoke=ALL-UNNAMED --add-opens=java.base/java.util=ALL-UNNAMED --add-opens=java.prefs/java.util.prefs=ALL-UNNAMED --add-opens=java.prefs/java.util.prefs=ALL-UNNAMED --add-opens=java.base/java.nio.charset=ALL-UNNAMED --add-opens=java.base/java.net=ALL-UNNAMED --add-opens=java.base/java.util.concurrent.atomic=ALL-UNNAMED -Xmx2048m -Dfile.encoding=UTF-8 -Duser.country=UA -Duser.language=uk -Duser.variant 
java_command: org.gradle.launcher.daemon.bootstrap.GradleDaemon 7.4
java_class_path (initial): C:\Users\Goodman\.gradle\wrapper\dists\gradle-7.4-bin\c0gwcg53nkjbqw7r0h0umtfvt\gradle-7.4\lib\gradle-launcher-7.4.jar
Launcher Type: SUN_STANDARD

[Global flags]
     intx CICompilerCount                          = 3                                         {product} {ergonomic}
     uint ConcGCThreads                            = 1                                         {product} {ergonomic}
     uint G1ConcRefinementThreads                  = 4                                         {product} {ergonomic}
   size_t G1HeapRegionSize                         = 1048576                                   {product} {ergonomic}
    uintx GCDrainStackTargetSize                   = 64                                        {product} {ergonomic}
   size_t InitialHeapSize                          = 58720256                                  {product} {ergonomic}
   size_t MarkStackSize                            = 4194304                                   {product} {ergonomic}
   size_t MaxHeapSize                              = 2147483648                                {product} {command line}
   size_t MaxNewSize                               = 1287651328                                {product} {ergonomic}
   size_t MinHeapDeltaBytes                        = 1048576                                   {product} {ergonomic}
    uintx NonNMethodCodeHeapSize                   = 5830732                                {pd product} {ergonomic}
    uintx NonProfiledCodeHeapSize                  = 122913754                              {pd product} {ergonomic}
    uintx ProfiledCodeHeapSize                     = 122913754                              {pd product} {ergonomic}
    uintx ReservedCodeCacheSize                    = 251658240                              {pd product} {ergonomic}
     bool SegmentedCodeCache                       = true                                      {product} {ergonomic}
     bool UseCompressedClassPointers               = true                                 {lp64_product} {ergonomic}
     bool UseCompressedOops                        = true                                 {lp64_product} {ergonomic}
     bool UseG1GC                                  = true                                      {product} {ergonomic}
     bool UseLargePagesIndividualAllocation        = false                                  {pd product} {ergonomic}

Logging:
Log output configuration:
 #0: stdout all=warning uptime,level,tags
 #1: stderr all=off uptime,level,tags

Environment Variables:
PATH=C:\ProgramData\Oracle\Java\javapath;C:\Windows\system32;C:\Windows;C:\Windows\System32\Wbem;C:\Windows\System32\WindowsPowerShell\v1.0\;C:\Program Files\Git\cmd;C:\Program Files (x86)\Rational\common;C:\Program Files\dotnet\;C:\Users\Goodman\AppData\Local\Microsoft\WindowsApps;;C:\Users\Goodman\AppData\Local\Programs\Microsoft VS Code\bin;C:\Program Files (x86)\Brackets\;C:\Users\Goodman\.dotnet\tools
USERNAME=Goodman
OS=Windows_NT
PROCESSOR_IDENTIFIER=AMD64 Family 22 Model 48 Stepping 1, AuthenticAMD



---------------  S Y S T E M  ---------------

OS: Windows 10 , 64 bit Build 17763 (10.0.17763.1339)
OS uptime: 0 days 1:15 hours

CPU:total 4 (initial active 4) (4 cores per cpu, 1 threads per core) family 22 model 48 stepping 1 microcode 0x0, cmov, cx8, fxsr, mmx, sse, sse2, sse3, ssse3, sse4.1, sse4.2, popcnt, avx, aes, clmul, mmxext, 3dnowpref, lzcnt, sse4a, tsc, tscinvbit, tscinv, bmi1

Memory: 4k page, system-wide physical 3551M (82M free)
TotalPageFile size 5599M (AvailPageFile size 14M)
current process WorkingSet (physical memory assigned to process): 183M, peak: 183M
current process commit charge ("private bytes"): 227M, peak: 241M

vm_info: OpenJDK 64-Bit Server VM (11.0.13+0-b1751.21-8125866) for windows-amd64 JRE (11.0.13+0-b1751.21-8125866), built on Feb  2 2022 03:00:22 by "builder" with MS VC++ 14.0 (VS2015)

END.
